<?xml version="1.0" encoding="UTF-8"?>
<testng-results ignored="0" total="2" passed="2" failed="0" skipped="0">
  <reporter-output>
  </reporter-output>
  <suite started-at="2023-07-17T16:09:19 IST" name="Suite" finished-at="2023-07-17T16:09:45 IST" duration-ms="25762">
    <groups>
    </groups>
    <test started-at="2023-07-17T16:09:19 IST" name="Test" finished-at="2023-07-17T16:09:45 IST" duration-ms="25762">
      <class name="test.EbayHomePageTest">
        <test-method is-config="true" signature="setUp()[pri:0, instance:test.EbayHomePageTest@4c1909a3]" started-at="2023-07-17T16:09:19 IST" name="setUp" finished-at="2023-07-17T16:09:23 IST" duration-ms="4036" status="PASS">
          <reporter-output>
          </reporter-output>
        </test-method> <!-- setUp -->
        <test-method signature="homePageTest()[pri:0, instance:test.EbayHomePageTest@4c1909a3]" started-at="2023-07-17T16:09:23 IST" name="homePageTest" finished-at="2023-07-17T16:09:32 IST" duration-ms="8893" status="PASS">
          <reporter-output>
          </reporter-output>
        </test-method> <!-- homePageTest -->
      </class> <!-- test.EbayHomePageTest -->
      <class name="test.EbayElectronicTest">
        <test-method is-config="true" signature="setUp()[pri:0, instance:test.EbayElectronicTest@428640fa]" started-at="2023-07-17T16:09:32 IST" name="setUp" finished-at="2023-07-17T16:09:35 IST" duration-ms="3235" status="PASS">
          <reporter-output>
          </reporter-output>
        </test-method> <!-- setUp -->
        <test-method signature="electronicsPageTest()[pri:0, instance:test.EbayElectronicTest@428640fa]" started-at="2023-07-17T16:09:35 IST" name="electronicsPageTest" finished-at="2023-07-17T16:09:45 IST" duration-ms="9561" status="PASS">
          <reporter-output>
          </reporter-output>
        </test-method> <!-- electronicsPageTest -->
      </class> <!-- test.EbayElectronicTest -->
    </test> <!-- Test -->
  </suite> <!-- Suite -->
</testng-results>
